<?xml version="1.0" encoding="UTF-8"?>
<testng-results skipped="0" failed="0" ignored="0" total="3" passed="3">
  <reporter-output>
  </reporter-output>
  <suite name="Default suite" duration-ms="38334" started-at="2020-08-12T10:07:28Z" finished-at="2020-08-12T10:08:07Z">
    <groups>
    </groups>
    <test name="Default test" duration-ms="38334" started-at="2020-08-12T10:07:28Z" finished-at="2020-08-12T10:08:07Z">
      <class name="com.app.qa.testdata.LoginPageTest">
        <test-method status="PASS" signature="setup()[pri:0, instance:com.app.qa.testdata.LoginPageTest@39c0f4a]" name="setup" is-config="true" duration-ms="22934" started-at="2020-08-12T10:07:28Z" finished-at="2020-08-12T10:07:51Z">
          <reporter-output>
          </reporter-output>
        </test-method> <!-- setup -->
        <test-method status="PASS" signature="ICLogoTest()[pri:0, instance:com.app.qa.testdata.LoginPageTest@39c0f4a]" name="ICLogoTest" duration-ms="135" started-at="2020-08-12T10:07:51Z" finished-at="2020-08-12T10:07:52Z">
          <reporter-output>
          </reporter-output>
        </test-method> <!-- ICLogoTest -->
        <test-method status="PASS" signature="LoginTest()[pri:0, instance:com.app.qa.testdata.LoginPageTest@39c0f4a]" name="LoginTest" duration-ms="10900" started-at="2020-08-12T10:07:52Z" finished-at="2020-08-12T10:08:02Z">
          <reporter-output>
          </reporter-output>
        </test-method> <!-- LoginTest -->
        <test-method status="PASS" signature="loginPageTitleTest()[pri:0, instance:com.app.qa.testdata.LoginPageTest@39c0f4a]" name="loginPageTitleTest" duration-ms="12" started-at="2020-08-12T10:08:02Z" finished-at="2020-08-12T10:08:02Z">
          <reporter-output>
          </reporter-output>
        </test-method> <!-- loginPageTitleTest -->
        <test-method status="PASS" signature="closeBrwser()[pri:0, instance:com.app.qa.testdata.LoginPageTest@39c0f4a]" name="closeBrwser" is-config="true" duration-ms="4331" started-at="2020-08-12T10:08:02Z" finished-at="2020-08-12T10:08:07Z">
          <reporter-output>
          </reporter-output>
        </test-method> <!-- closeBrwser -->
      </class> <!-- com.app.qa.testdata.LoginPageTest -->
    </test> <!-- Default test -->
  </suite> <!-- Default suite -->
</testng-results>
