<?xml version="1.0" encoding="UTF-8"?>
<testng-results skipped="0" failed="1" ignored="0" total="2" passed="1">
  <reporter-output>
  </reporter-output>
  <suite name="Default suite" duration-ms="25444" started-at="2020-08-12T06:08:43Z" finished-at="2020-08-12T06:09:08Z">
    <groups>
      <group name="Akash">
        <method signature="firstTestNGfile.verifyLoginPage()[pri:1, instance:firstpackage.firstTestNGfile@4cc0edeb]" name="verifyLoginPage" class="firstpackage.firstTestNGfile"/>
        <method signature="firstTestNGfile.verifyHomePage(java.lang.String, java.lang.String)[pri:2, instance:firstpackage.firstTestNGfile@4cc0edeb]" name="verifyHomePage" class="firstpackage.firstTestNGfile"/>
      </group> <!-- Akash -->
    </groups>
    <test name="Default test" duration-ms="25444" started-at="2020-08-12T06:08:43Z" finished-at="2020-08-12T06:09:08Z">
      <class name="firstpackage.firstTestNGfile">
        <test-method status="PASS" signature="launch()[pri:0, instance:firstpackage.firstTestNGfile@4cc0edeb]" name="launch" is-config="true" duration-ms="20126" started-at="2020-08-12T06:08:43Z" finished-at="2020-08-12T06:09:03Z">
          <reporter-output>
          </reporter-output>
        </test-method> <!-- launch -->
        <test-method status="PASS" signature="verifyLoginPage()[pri:1, instance:firstpackage.firstTestNGfile@4cc0edeb]" name="verifyLoginPage" duration-ms="512" started-at="2020-08-12T06:09:03Z" finished-at="2020-08-12T06:09:03Z">
          <reporter-output>
          </reporter-output>
        </test-method> <!-- verifyLoginPage -->
        <test-method status="FAIL" signature="verifyHomePage(java.lang.String, java.lang.String)[pri:2, instance:firstpackage.firstTestNGfile@4cc0edeb]" name="verifyHomePage" duration-ms="412" started-at="2020-08-12T06:09:03Z" data-provider="userpass" depends-on-methods="firstpackage.firstTestNGfile.verifyLoginPage" finished-at="2020-08-12T06:09:04Z">
          <params>
            <param index="0">
              <value>
                <![CDATA[agupta_a@davizta.com]]>
              </value>
            </param>
            <param index="1">
              <value>
                <![CDATA[Admin@1234]]>
              </value>
            </param>
          </params>
          <exception class="java.lang.IllegalArgumentException">
            <message>
              <![CDATA[Cannot find elements when the XPath is null.]]>
            </message>
            <full-stacktrace>
              <![CDATA[java.lang.IllegalArgumentException: Cannot find elements when the XPath is null.
at org.openqa.selenium.By$ByXPath.<init>(By.java:339)
at org.openqa.selenium.By.xpath(By.java:92)
at firstpackage.firstTestNGfile.verifyHomePage(firstTestNGfile.java:75)
at sun.reflect.NativeMethodAccessorImpl.invoke0(Native Method)
at sun.reflect.NativeMethodAccessorImpl.invoke(NativeMethodAccessorImpl.java:62)
at sun.reflect.DelegatingMethodAccessorImpl.invoke(DelegatingMethodAccessorImpl.java:43)
at java.lang.reflect.Method.invoke(Method.java:498)
at org.testng.internal.MethodInvocationHelper.invokeMethod(MethodInvocationHelper.java:124)
at org.testng.internal.Invoker.invokeMethod(Invoker.java:583)
at org.testng.internal.Invoker.invokeTestMethod(Invoker.java:719)
at org.testng.internal.Invoker.invokeTestMethods(Invoker.java:989)
at org.testng.internal.TestMethodWorker.invokeTestMethods(TestMethodWorker.java:125)
at org.testng.internal.TestMethodWorker.run(TestMethodWorker.java:109)
at org.testng.TestRunner.privateRun(TestRunner.java:648)
at org.testng.TestRunner.run(TestRunner.java:505)
at org.testng.SuiteRunner.runTest(SuiteRunner.java:455)
at org.testng.SuiteRunner.runSequentially(SuiteRunner.java:450)
at org.testng.SuiteRunner.privateRun(SuiteRunner.java:415)
at org.testng.SuiteRunner.run(SuiteRunner.java:364)
at org.testng.SuiteRunnerWorker.runSuite(SuiteRunnerWorker.java:52)
at org.testng.SuiteRunnerWorker.run(SuiteRunnerWorker.java:84)
at org.testng.TestNG.runSuitesSequentially(TestNG.java:1208)
at org.testng.TestNG.runSuitesLocally(TestNG.java:1137)
at org.testng.TestNG.runSuites(TestNG.java:1049)
at org.testng.TestNG.run(TestNG.java:1017)
at org.testng.remote.AbstractRemoteTestNG.run(AbstractRemoteTestNG.java:114)
at org.testng.remote.RemoteTestNG.initAndRun(RemoteTestNG.java:251)
at org.testng.remote.RemoteTestNG.main(RemoteTestNG.java:77)
]]>
            </full-stacktrace>
          </exception> <!-- java.lang.IllegalArgumentException -->
          <reporter-output>
          </reporter-output>
        </test-method> <!-- verifyHomePage -->
        <test-method status="PASS" signature="closeBrowser()[pri:0, instance:firstpackage.firstTestNGfile@4cc0edeb]" name="closeBrowser" is-config="true" duration-ms="4357" started-at="2020-08-12T06:09:04Z" finished-at="2020-08-12T06:09:08Z">
          <reporter-output>
          </reporter-output>
        </test-method> <!-- closeBrowser -->
      </class> <!-- firstpackage.firstTestNGfile -->
    </test> <!-- Default test -->
  </suite> <!-- Default suite -->
</testng-results>
