<?xml version="1.0" encoding="UTF-8"?>
<!-- Generated by org.testng.reporters.JUnitXMLReporter -->
<testsuite hostname="DVZ-IND-L061" ignored="0" name="Default test" tests="3" failures="0" timestamp="12 Aug 2020 10:08:07 GMT" time="38.334" errors="0">
  <testcase name="ICLogoTest" time="0.135" classname="com.app.qa.testdata.LoginPageTest"/>
  <testcase name="LoginTest" time="10.9" classname="com.app.qa.testdata.LoginPageTest"/>
  <testcase name="loginPageTitleTest" time="0.012" classname="com.app.qa.testdata.LoginPageTest"/>
</testsuite> <!-- Default test -->
